<?xml version="1.0" encoding="UTF-8"?>
<!-- Generated by org.testng.reporters.JUnitXMLReporter -->
<testsuite ignored="1" hostname="DESKTOP-GAH683G" failures="2" tests="30" name="ValidateSmokeTests" time="600.244" errors="0" timestamp="03 May 2018 03:05:36 GMT">
  <testcase classname="smokeTest.ValidateSmokeTest" name="ValidateLogin" time="43.919"/>
  <testcase classname="smokeTest.ValidateSmokeTest" name="ValidateFavoriteIcon" time="27.104"/>
  <testcase classname="smokeTest.ValidateSmokeTest" name="ValidateSearching" time="17.53"/>
  <testcase classname="smokeTest.ValidateSmokeTest" name="ValidateAddToCart" time="20.106"/>
  <testcase classname="smokeTest.ValidateSmokeTest" name="ValidatePDP" time="10.861"/>
  <testcase classname="smokeTest.ValidateSmokeTest" name="ValidateRecentViewLink" time="3.284"/>
  <testcase classname="smokeTest.ValidateSmokeTest" name="ValidateFooterLogo" time="1.896"/>
  <testcase classname="smokeTest.ValidateSmokeTest" name="ValidateMyProfNavigation" time="6.942"/>
  <testcase classname="smokeTest.ValidateSmokeTest" name="ValidateHeaderLogo" time="2.725"/>
  <testcase classname="smokeTest.ValidateSmokeTest" name="ValidateStandardsCatalog" time="3.378"/>
  <testcase classname="smokeTest.ValidateSmokeTest" name="ValidateStandardsCatalogDetail" time="16.843">
    <failure type="java.lang.AssertionError" message="expected [Standard - MarkITplace] but found [HP Officejet Pro 8710 All-in-One - Multifunction printer - MarkITplace]">
      <![CDATA[java.lang.AssertionError: expected [Standard - MarkITplace] but found [HP Officejet Pro 8710 All-in-One - Multifunction printer - MarkITplace]at smokeTest.ValidateSmokeTest.ValidateStandardsCatalogDetail(ValidateSmokeTest.java:447)... Removed 35 stack frames]]>
    </failure>
  </testcase> <!-- ValidateStandardsCatalogDetail -->
  <testcase classname="smokeTest.ValidateSmokeTest" name="ValidateAllProduct" time="7.074"/>
  <testcase classname="smokeTest.ValidateSmokeTest" name="ValidateAudioCablesCategory" time="26.501"/>
  <testcase classname="smokeTest.ValidateSmokeTest" name="ValidateResources" time="12.308"/>
  <testcase classname="smokeTest.ValidateSmokeTest" name="ValidateSpecialOffer" time="7.868"/>
  <testcase classname="smokeTest.ValidateSmokeTest" name="ValidateCartPage" time="4.717"/>
  <testcase classname="smokeTest.ValidateSmokeTest" name="ValidateRemoveFromCart" time="8.133"/>
  <testcase classname="smokeTest.ValidateSmokeTest" name="ValidateCheckoutProcess" time="20.187">
    <failure type="org.openqa.selenium.NoSuchElementException" message="no such element: Unable to locate element: {&amp;quot;method&amp;quot;:&amp;quot;xpath&amp;quot;,&amp;quot;selector&amp;quot;:&amp;quot;//input[@id=&amp;apos;tbPO&amp;apos;]&amp;quot;}
  (Session info: chrome=66.0.3359.139)
  (Driver info: chromedriver=2.36.540470 (e522d04694c7ebea4ba8821272dbef4f9b818c91),platform=Windows NT 10.0.16299 x86_64) (WARNING: The server did not provide any stacktrace information)
Command duration or timeout: 0 milliseconds
For documentation on this error, please visit: http://seleniumhq.org/exceptions/no_such_element.html
Build info: version: &amp;apos;3.8.1&amp;apos;, revision: &amp;apos;6e95a6684b&amp;apos;, time: &amp;apos;2017-12-01T18:33:54.468Z&amp;apos;
System info: host: &amp;apos;DESKTOP-GAH683G&amp;apos;, ip: &amp;apos;10.0.2.15&amp;apos;, os.name: &amp;apos;Windows 10&amp;apos;, os.arch: &amp;apos;amd64&amp;apos;, os.version: &amp;apos;10.0&amp;apos;, java.version: &amp;apos;9.0.1&amp;apos;
Driver info: org.openqa.selenium.chrome.ChromeDriver
Capabilities {acceptInsecureCerts: false, acceptSslCerts: false, applicationCacheEnabled: false, browserConnectionEnabled: false, browserName: chrome, chrome: {chromedriverVersion: 2.36.540470 (e522d04694c7eb..., userDataDir: C:\Windows\TEMP\scoped_dir1...}, cssSelectorsEnabled: true, databaseEnabled: false, handlesAlerts: true, hasTouchScreen: false, javascriptEnabled: true, locationContextEnabled: true, mobileEmulationEnabled: false, nativeEvents: true, networkConnectionEnabled: false, pageLoadStrategy: normal, platform: XP, platformName: XP, rotatable: false, setWindowRect: true, takesHeapSnapshot: true, takesScreenshot: true, unexpectedAlertBehaviour: , unhandledPromptBehavior: , version: 66.0.3359.139, webStorageEnabled: true}
Session ID: 7e21869616c9c873e4c647cd62a714ff
*** Element info: {Using=xpath, value=//input[@id=&amp;apos;tbPO&amp;apos;]}">
      <![CDATA[org.openqa.selenium.NoSuchElementException: no such element: Unable to locate element: {"method":"xpath","selector":"//input[@id='tbPO']"}  (Session info: chrome=66.0.3359.139)  (Driver info: chromedriver=2.36.540470 (e522d04694c7ebea4ba8821272dbef4f9b818c91),platform=Windows NT 10.0.16299 x86_64) (WARNING: The server did not provide any stacktrace information)Command duration or timeout: 0 millisecondsFor documentation on this error, please visit: http://seleniumhq.org/exceptions/no_such_element.htmlBuild info: version: '3.8.1', revision: '6e95a6684b', time: '2017-12-01T18:33:54.468Z'System info: host: 'DESKTOP-GAH683G', ip: '10.0.2.15', os.name: 'Windows 10', os.arch: 'amd64', os.version: '10.0', java.version: '9.0.1'Driver info: org.openqa.selenium.chrome.ChromeDriverCapabilities {acceptInsecureCerts: false, acceptSslCerts: false, applicationCacheEnabled: false, browserConnectionEnabled: false, browserName: chrome, chrome: {chromedriverVersion: 2.36.540470 (e522d04694c7eb..., userDataDir: C:\Windows\TEMP\scoped_dir1...}, cssSelectorsEnabled: true, databaseEnabled: false, handlesAlerts: true, hasTouchScreen: false, javascriptEnabled: true, locationContextEnabled: true, mobileEmulationEnabled: false, nativeEvents: true, networkConnectionEnabled: false, pageLoadStrategy: normal, platform: XP, platformName: XP, rotatable: false, setWindowRect: true, takesHeapSnapshot: true, takesScreenshot: true, unexpectedAlertBehaviour: , unhandledPromptBehavior: , version: 66.0.3359.139, webStorageEnabled: true}Session ID: 7e21869616c9c873e4c647cd62a714ff*** Element info: {Using=xpath, value=//input[@id='tbPO']}at org.openqa.selenium.remote.ErrorHandler.createThrowable(ErrorHandler.java:214)at org.openqa.selenium.remote.ErrorHandler.throwIfResponseFailed(ErrorHandler.java:166)at org.openqa.selenium.remote.http.JsonHttpResponseCodec.reconstructValue(JsonHttpResponseCodec.java:40)at org.openqa.selenium.remote.http.AbstractHttpResponseCodec.decode(AbstractHttpResponseCodec.java:80)at org.openqa.selenium.remote.http.AbstractHttpResponseCodec.decode(AbstractHttpResponseCodec.java:44)at org.openqa.selenium.remote.HttpCommandExecutor.execute(HttpCommandExecutor.java:164)at org.openqa.selenium.remote.service.DriverCommandExecutor.execute(DriverCommandExecutor.java:83)at org.openqa.selenium.remote.RemoteWebDriver.execute(RemoteWebDriver.java:601)at org.openqa.selenium.remote.RemoteWebDriver.findElement(RemoteWebDriver.java:371)at org.openqa.selenium.remote.RemoteWebDriver.findElementByXPath(RemoteWebDriver.java:473)at org.openqa.selenium.By$ByXPath.findElement(By.java:361)at org.openqa.selenium.remote.RemoteWebDriver.findElement(RemoteWebDriver.java:363)at pageObjects.CheckoutPage.getPO(CheckoutPage.java:50)at smokeTest.ValidateSmokeTest.ValidateCheckoutProcess(ValidateSmokeTest.java:588)... Removed 33 stack frames]]>
    </failure>
  </testcase> <!-- ValidateCheckoutProcess -->
  <testcase classname="smokeTest.ValidateSmokeTest" name="ValidateCheckoutHeaderLogo" time="15.032"/>
  <testcase classname="smokeTest.ValidateSmokeTest" name="ValidateCheckoutFooterLogo" time="3.007"/>
  <testcase classname="smokeTest.ValidateSmokeTest" name="ValidateFooterLinks" time="16.885"/>
  <testcase classname="smokeTest.ValidateSmokeTest" name="ValidateTrackpage" time="14.206"/>
  <testcase classname="smokeTest.ValidateSmokeTest" name="ValidateordersPage" time="10.836"/>
  <testcase classname="smokeTest.ValidateSmokeTest" name="ValidatePurchaseAnalysisPage" time="17.492"/>
  <testcase classname="smokeTest.ValidateSmokeTest" name="ValidatePAEmail" time="0.97"/>
  <testcase classname="smokeTest.ValidateSmokeTest" name="ValidateCalendarPage" time="5.062"/>
  <testcase classname="smokeTest.ValidateSmokeTest" name="ValidateCalendarLinks" time="20.197"/>
  <testcase classname="smokeTest.ValidateSmokeTest" name="ValidateAllReportsLinks" time="215.548"/>
  <testcase classname="smokeTest.ValidateSmokeTest" name="ValidateSavedReports" time="5.475"/>
  <testcase classname="smokeTest.ValidateSmokeTest" name="ValidateCompaePage" time="33.085"/>
  <testcase classname="smokeTest.ValidateSmokeTest" name="ValidateAddTofavorites" time="0.0">
    <ignored/>
  </testcase> <!-- ValidateAddTofavorites -->
</testsuite> <!-- ValidateSmokeTests -->
