<?xml version="1.0" encoding="UTF-8"?>
<testng-results ignored="1" total="31" passed="28" failed="2" skipped="0">
  <reporter-output>
  </reporter-output>
  <suite started-at="2018-05-03T02:55:36Z" name="SmokeTestSuite" finished-at="2018-05-03T03:05:36Z" duration-ms="600244">
    <groups>
    </groups>
    <test started-at="2018-05-03T02:55:36Z" name="ValidateSmokeTests" finished-at="2018-05-03T03:05:36Z" duration-ms="600244">
      <class name="smokeTest.ValidateSmokeTest">
        <test-method signature="ValidateLogin()[pri:0, instance:smokeTest.ValidateSmokeTest@53fd0d10]" started-at="2018-05-03T07:55:36Z" name="ValidateLogin" finished-at="2018-05-03T07:56:20Z" duration-ms="43919" status="PASS">
          <reporter-output>
          </reporter-output>
        </test-method> <!-- ValidateLogin -->
        <test-method signature="ValidateFavoriteIcon()[pri:1, instance:smokeTest.ValidateSmokeTest@53fd0d10]" started-at="2018-05-03T07:56:20Z" name="ValidateFavoriteIcon" finished-at="2018-05-03T07:56:47Z" duration-ms="27104" status="PASS">
          <reporter-output>
          </reporter-output>
        </test-method> <!-- ValidateFavoriteIcon -->
        <test-method signature="ValidateSearching()[pri:2, instance:smokeTest.ValidateSmokeTest@53fd0d10]" started-at="2018-05-03T07:56:47Z" name="ValidateSearching" finished-at="2018-05-03T07:57:05Z" duration-ms="17530" status="PASS">
          <reporter-output>
          </reporter-output>
        </test-method> <!-- ValidateSearching -->
        <test-method signature="ValidateAddToCart()[pri:3, instance:smokeTest.ValidateSmokeTest@53fd0d10]" started-at="2018-05-03T07:57:05Z" name="ValidateAddToCart" finished-at="2018-05-03T07:57:25Z" duration-ms="20106" status="PASS">
          <reporter-output>
          </reporter-output>
        </test-method> <!-- ValidateAddToCart -->
        <test-method signature="ValidatePDP()[pri:5, instance:smokeTest.ValidateSmokeTest@53fd0d10]" started-at="2018-05-03T07:57:25Z" name="ValidatePDP" finished-at="2018-05-03T07:57:36Z" duration-ms="10861" status="PASS">
          <reporter-output>
          </reporter-output>
        </test-method> <!-- ValidatePDP -->
        <test-method signature="ValidateRecentViewLink()[pri:6, instance:smokeTest.ValidateSmokeTest@53fd0d10]" started-at="2018-05-03T07:57:36Z" name="ValidateRecentViewLink" finished-at="2018-05-03T07:57:39Z" duration-ms="3284" status="PASS">
          <reporter-output>
          </reporter-output>
        </test-method> <!-- ValidateRecentViewLink -->
        <test-method signature="ValidateFooterLogo()[pri:7, instance:smokeTest.ValidateSmokeTest@53fd0d10]" started-at="2018-05-03T07:57:39Z" name="ValidateFooterLogo" finished-at="2018-05-03T07:57:41Z" duration-ms="1896" status="PASS">
          <reporter-output>
          </reporter-output>
        </test-method> <!-- ValidateFooterLogo -->
        <test-method signature="ValidateMyProfNavigation()[pri:8, instance:smokeTest.ValidateSmokeTest@53fd0d10]" started-at="2018-05-03T07:57:41Z" name="ValidateMyProfNavigation" finished-at="2018-05-03T07:57:48Z" duration-ms="6942" status="PASS">
          <reporter-output>
          </reporter-output>
        </test-method> <!-- ValidateMyProfNavigation -->
        <test-method signature="ValidateHeaderLogo()[pri:9, instance:smokeTest.ValidateSmokeTest@53fd0d10]" started-at="2018-05-03T07:57:48Z" name="ValidateHeaderLogo" finished-at="2018-05-03T07:57:50Z" duration-ms="2725" status="PASS">
          <reporter-output>
          </reporter-output>
        </test-method> <!-- ValidateHeaderLogo -->
        <test-method signature="ValidateStandardsCatalog()[pri:10, instance:smokeTest.ValidateSmokeTest@53fd0d10]" started-at="2018-05-03T07:57:50Z" name="ValidateStandardsCatalog" finished-at="2018-05-03T07:57:54Z" duration-ms="3378" status="PASS">
          <reporter-output>
          </reporter-output>
        </test-method> <!-- ValidateStandardsCatalog -->
        <test-method signature="ValidateStandardsCatalogDetail()[pri:11, instance:smokeTest.ValidateSmokeTest@53fd0d10]" started-at="2018-05-03T07:57:54Z" name="ValidateStandardsCatalogDetail" finished-at="2018-05-03T07:58:11Z" duration-ms="16843" status="FAIL">
          <exception class="java.lang.AssertionError">
            <message>
              <![CDATA[expected [Standard - MarkITplace] but found [HP Officejet Pro 8710 All-in-One - Multifunction printer - MarkITplace]]]>
            </message>
            <full-stacktrace>
              <![CDATA[java.lang.AssertionError: expected [Standard - MarkITplace] but found [HP Officejet Pro 8710 All-in-One - Multifunction printer - MarkITplace]at org.testng.Assert.fail(Assert.java:96)at org.testng.Assert.failNotEquals(Assert.java:776)at org.testng.Assert.assertEqualsImpl(Assert.java:137)at org.testng.Assert.assertEquals(Assert.java:118)at org.testng.Assert.assertEquals(Assert.java:453)at org.testng.Assert.assertEquals(Assert.java:463)at smokeTest.ValidateSmokeTest.ValidateStandardsCatalogDetail(ValidateSmokeTest.java:447)at java.base/jdk.internal.reflect.NativeMethodAccessorImpl.invoke0(Native Method)at java.base/jdk.internal.reflect.NativeMethodAccessorImpl.invoke(NativeMethodAccessorImpl.java:62)at java.base/jdk.internal.reflect.DelegatingMethodAccessorImpl.invoke(DelegatingMethodAccessorImpl.java:43)at java.base/java.lang.reflect.Method.invoke(Method.java:564)at org.testng.internal.MethodInvocationHelper.invokeMethod(MethodInvocationHelper.java:124)at org.testng.internal.Invoker.invokeMethod(Invoker.java:571)at org.testng.internal.Invoker.invokeTestMethod(Invoker.java:707)at org.testng.internal.Invoker.invokeTestMethods(Invoker.java:979)at org.testng.internal.TestMethodWorker.invokeTestMethods(TestMethodWorker.java:125)at org.testng.internal.TestMethodWorker.run(TestMethodWorker.java:109)at org.testng.TestRunner.privateRun(TestRunner.java:648)at org.testng.TestRunner.run(TestRunner.java:505)at org.testng.SuiteRunner.runTest(SuiteRunner.java:455)at org.testng.SuiteRunner.runSequentially(SuiteRunner.java:450)at org.testng.SuiteRunner.privateRun(SuiteRunner.java:415)at org.testng.SuiteRunner.run(SuiteRunner.java:364)at org.testng.SuiteRunnerWorker.runSuite(SuiteRunnerWorker.java:52)at org.testng.SuiteRunnerWorker.run(SuiteRunnerWorker.java:84)at org.testng.TestNG.runSuitesSequentially(TestNG.java:1187)at org.testng.TestNG.runSuitesLocally(TestNG.java:1116)at org.testng.TestNG.runSuites(TestNG.java:1028)at org.testng.TestNG.run(TestNG.java:996)at org.apache.maven.surefire.testng.TestNGExecutor.run(TestNGExecutor.java:283)at org.apache.maven.surefire.testng.TestNGXmlTestSuite.execute(TestNGXmlTestSuite.java:75)at org.apache.maven.surefire.testng.TestNGProvider.invoke(TestNGProvider.java:120)at org.apache.maven.surefire.booter.ForkedBooter.invokeProviderInSameClassLoader(ForkedBooter.java:373)at org.apache.maven.surefire.booter.ForkedBooter.runSuitesInProcess(ForkedBooter.java:334)at org.apache.maven.surefire.booter.ForkedBooter.execute(ForkedBooter.java:119)at org.apache.maven.surefire.booter.ForkedBooter.main(ForkedBooter.java:407)]]>
            </full-stacktrace>
          </exception> <!-- java.lang.AssertionError -->
          <reporter-output>
          </reporter-output>
        </test-method> <!-- ValidateStandardsCatalogDetail -->
        <test-method signature="ValidateAllProduct()[pri:12, instance:smokeTest.ValidateSmokeTest@53fd0d10]" started-at="2018-05-03T07:58:11Z" name="ValidateAllProduct" finished-at="2018-05-03T07:58:18Z" duration-ms="7074" status="PASS">
          <reporter-output>
          </reporter-output>
        </test-method> <!-- ValidateAllProduct -->
        <test-method signature="ValidateAudioCablesCategory()[pri:13, instance:smokeTest.ValidateSmokeTest@53fd0d10]" started-at="2018-05-03T07:58:18Z" name="ValidateAudioCablesCategory" finished-at="2018-05-03T07:58:44Z" duration-ms="26501" status="PASS">
          <reporter-output>
          </reporter-output>
        </test-method> <!-- ValidateAudioCablesCategory -->
        <test-method signature="ValidateResources()[pri:14, instance:smokeTest.ValidateSmokeTest@53fd0d10]" started-at="2018-05-03T07:58:44Z" name="ValidateResources" finished-at="2018-05-03T07:58:57Z" duration-ms="12308" status="PASS">
          <reporter-output>
          </reporter-output>
        </test-method> <!-- ValidateResources -->
        <test-method signature="ValidateSpecialOffer()[pri:15, instance:smokeTest.ValidateSmokeTest@53fd0d10]" started-at="2018-05-03T07:58:57Z" name="ValidateSpecialOffer" finished-at="2018-05-03T07:59:05Z" duration-ms="7868" status="PASS">
          <reporter-output>
          </reporter-output>
        </test-method> <!-- ValidateSpecialOffer -->
        <test-method signature="ValidateCartPage()[pri:16, instance:smokeTest.ValidateSmokeTest@53fd0d10]" started-at="2018-05-03T07:59:05Z" name="ValidateCartPage" finished-at="2018-05-03T07:59:09Z" duration-ms="4717" status="PASS">
          <reporter-output>
          </reporter-output>
        </test-method> <!-- ValidateCartPage -->
        <test-method signature="ValidateRemoveFromCart()[pri:17, instance:smokeTest.ValidateSmokeTest@53fd0d10]" started-at="2018-05-03T07:59:09Z" name="ValidateRemoveFromCart" finished-at="2018-05-03T07:59:18Z" duration-ms="8133" status="PASS">
          <reporter-output>
          </reporter-output>
        </test-method> <!-- ValidateRemoveFromCart -->
        <test-method signature="ValidateCheckoutProcess()[pri:18, instance:smokeTest.ValidateSmokeTest@53fd0d10]" started-at="2018-05-03T07:59:18Z" name="ValidateCheckoutProcess" finished-at="2018-05-03T07:59:38Z" duration-ms="20187" status="FAIL">
          <exception class="org.openqa.selenium.NoSuchElementException">
            <message>
              <![CDATA[no such element: Unable to locate element: {"method":"xpath","selector":"//input[@id='tbPO']"}  (Session info: chrome=66.0.3359.139)  (Driver info: chromedriver=2.36.540470 (e522d04694c7ebea4ba8821272dbef4f9b818c91),platform=Windows NT 10.0.16299 x86_64) (WARNING: The server did not provide any stacktrace information)Command duration or timeout: 0 millisecondsFor documentation on this error, please visit: http://seleniumhq.org/exceptions/no_such_element.htmlBuild info: version: '3.8.1', revision: '6e95a6684b', time: '2017-12-01T18:33:54.468Z'System info: host: 'DESKTOP-GAH683G', ip: '10.0.2.15', os.name: 'Windows 10', os.arch: 'amd64', os.version: '10.0', java.version: '9.0.1'Driver info: org.openqa.selenium.chrome.ChromeDriverCapabilities {acceptInsecureCerts: false, acceptSslCerts: false, applicationCacheEnabled: false, browserConnectionEnabled: false, browserName: chrome, chrome: {chromedriverVersion: 2.36.540470 (e522d04694c7eb..., userDataDir: C:\Windows\TEMP\scoped_dir1...}, cssSelectorsEnabled: true, databaseEnabled: false, handlesAlerts: true, hasTouchScreen: false, javascriptEnabled: true, locationContextEnabled: true, mobileEmulationEnabled: false, nativeEvents: true, networkConnectionEnabled: false, pageLoadStrategy: normal, platform: XP, platformName: XP, rotatable: false, setWindowRect: true, takesHeapSnapshot: true, takesScreenshot: true, unexpectedAlertBehaviour: , unhandledPromptBehavior: , version: 66.0.3359.139, webStorageEnabled: true}Session ID: 7e21869616c9c873e4c647cd62a714ff*** Element info: {Using=xpath, value=//input[@id='tbPO']}]]>
            </message>
            <full-stacktrace>
              <![CDATA[org.openqa.selenium.NoSuchElementException: no such element: Unable to locate element: {"method":"xpath","selector":"//input[@id='tbPO']"}  (Session info: chrome=66.0.3359.139)  (Driver info: chromedriver=2.36.540470 (e522d04694c7ebea4ba8821272dbef4f9b818c91),platform=Windows NT 10.0.16299 x86_64) (WARNING: The server did not provide any stacktrace information)Command duration or timeout: 0 millisecondsFor documentation on this error, please visit: http://seleniumhq.org/exceptions/no_such_element.htmlBuild info: version: '3.8.1', revision: '6e95a6684b', time: '2017-12-01T18:33:54.468Z'System info: host: 'DESKTOP-GAH683G', ip: '10.0.2.15', os.name: 'Windows 10', os.arch: 'amd64', os.version: '10.0', java.version: '9.0.1'Driver info: org.openqa.selenium.chrome.ChromeDriverCapabilities {acceptInsecureCerts: false, acceptSslCerts: false, applicationCacheEnabled: false, browserConnectionEnabled: false, browserName: chrome, chrome: {chromedriverVersion: 2.36.540470 (e522d04694c7eb..., userDataDir: C:\Windows\TEMP\scoped_dir1...}, cssSelectorsEnabled: true, databaseEnabled: false, handlesAlerts: true, hasTouchScreen: false, javascriptEnabled: true, locationContextEnabled: true, mobileEmulationEnabled: false, nativeEvents: true, networkConnectionEnabled: false, pageLoadStrategy: normal, platform: XP, platformName: XP, rotatable: false, setWindowRect: true, takesHeapSnapshot: true, takesScreenshot: true, unexpectedAlertBehaviour: , unhandledPromptBehavior: , version: 66.0.3359.139, webStorageEnabled: true}Session ID: 7e21869616c9c873e4c647cd62a714ff*** Element info: {Using=xpath, value=//input[@id='tbPO']}at java.base/jdk.internal.reflect.NativeConstructorAccessorImpl.newInstance0(Native Method)at java.base/jdk.internal.reflect.NativeConstructorAccessorImpl.newInstance(NativeConstructorAccessorImpl.java:62)at java.base/jdk.internal.reflect.DelegatingConstructorAccessorImpl.newInstance(DelegatingConstructorAccessorImpl.java:45)at java.base/java.lang.reflect.Constructor.newInstance(Constructor.java:488)at org.openqa.selenium.remote.ErrorHandler.createThrowable(ErrorHandler.java:214)at org.openqa.selenium.remote.ErrorHandler.throwIfResponseFailed(ErrorHandler.java:166)at org.openqa.selenium.remote.http.JsonHttpResponseCodec.reconstructValue(JsonHttpResponseCodec.java:40)at org.openqa.selenium.remote.http.AbstractHttpResponseCodec.decode(AbstractHttpResponseCodec.java:80)at org.openqa.selenium.remote.http.AbstractHttpResponseCodec.decode(AbstractHttpResponseCodec.java:44)at org.openqa.selenium.remote.HttpCommandExecutor.execute(HttpCommandExecutor.java:164)at org.openqa.selenium.remote.service.DriverCommandExecutor.execute(DriverCommandExecutor.java:83)at org.openqa.selenium.remote.RemoteWebDriver.execute(RemoteWebDriver.java:601)at org.openqa.selenium.remote.RemoteWebDriver.findElement(RemoteWebDriver.java:371)at org.openqa.selenium.remote.RemoteWebDriver.findElementByXPath(RemoteWebDriver.java:473)at org.openqa.selenium.By$ByXPath.findElement(By.java:361)at org.openqa.selenium.remote.RemoteWebDriver.findElement(RemoteWebDriver.java:363)at pageObjects.CheckoutPage.getPO(CheckoutPage.java:50)at smokeTest.ValidateSmokeTest.ValidateCheckoutProcess(ValidateSmokeTest.java:588)at java.base/jdk.internal.reflect.NativeMethodAccessorImpl.invoke0(Native Method)at java.base/jdk.internal.reflect.NativeMethodAccessorImpl.invoke(NativeMethodAccessorImpl.java:62)at java.base/jdk.internal.reflect.DelegatingMethodAccessorImpl.invoke(DelegatingMethodAccessorImpl.java:43)at java.base/java.lang.reflect.Method.invoke(Method.java:564)at org.testng.internal.MethodInvocationHelper.invokeMethod(MethodInvocationHelper.java:124)at org.testng.internal.Invoker.invokeMethod(Invoker.java:571)at org.testng.internal.Invoker.invokeTestMethod(Invoker.java:707)at org.testng.internal.Invoker.invokeTestMethods(Invoker.java:979)at org.testng.internal.TestMethodWorker.invokeTestMethods(TestMethodWorker.java:125)at org.testng.internal.TestMethodWorker.run(TestMethodWorker.java:109)at org.testng.TestRunner.privateRun(TestRunner.java:648)at org.testng.TestRunner.run(TestRunner.java:505)at org.testng.SuiteRunner.runTest(SuiteRunner.java:455)at org.testng.SuiteRunner.runSequentially(SuiteRunner.java:450)at org.testng.SuiteRunner.privateRun(SuiteRunner.java:415)at org.testng.SuiteRunner.run(SuiteRunner.java:364)at org.testng.SuiteRunnerWorker.runSuite(SuiteRunnerWorker.java:52)at org.testng.SuiteRunnerWorker.run(SuiteRunnerWorker.java:84)at org.testng.TestNG.runSuitesSequentially(TestNG.java:1187)at org.testng.TestNG.runSuitesLocally(TestNG.java:1116)at org.testng.TestNG.runSuites(TestNG.java:1028)at org.testng.TestNG.run(TestNG.java:996)at org.apache.maven.surefire.testng.TestNGExecutor.run(TestNGExecutor.java:283)at org.apache.maven.surefire.testng.TestNGXmlTestSuite.execute(TestNGXmlTestSuite.java:75)at org.apache.maven.surefire.testng.TestNGProvider.invoke(TestNGProvider.java:120)at org.apache.maven.surefire.booter.ForkedBooter.invokeProviderInSameClassLoader(ForkedBooter.java:373)at org.apache.maven.surefire.booter.ForkedBooter.runSuitesInProcess(ForkedBooter.java:334)at org.apache.maven.surefire.booter.ForkedBooter.execute(ForkedBooter.java:119)at org.apache.maven.surefire.booter.ForkedBooter.main(ForkedBooter.java:407)]]>
            </full-stacktrace>
          </exception> <!-- org.openqa.selenium.NoSuchElementException -->
          <reporter-output>
          </reporter-output>
        </test-method> <!-- ValidateCheckoutProcess -->
        <test-method signature="ValidateCheckoutHeaderLogo()[pri:19, instance:smokeTest.ValidateSmokeTest@53fd0d10]" started-at="2018-05-03T07:59:38Z" name="ValidateCheckoutHeaderLogo" finished-at="2018-05-03T07:59:53Z" duration-ms="15032" status="PASS">
          <reporter-output>
          </reporter-output>
        </test-method> <!-- ValidateCheckoutHeaderLogo -->
        <test-method signature="ValidateCheckoutFooterLogo()[pri:20, instance:smokeTest.ValidateSmokeTest@53fd0d10]" started-at="2018-05-03T07:59:53Z" name="ValidateCheckoutFooterLogo" finished-at="2018-05-03T07:59:56Z" duration-ms="3007" status="PASS">
          <reporter-output>
          </reporter-output>
        </test-method> <!-- ValidateCheckoutFooterLogo -->
        <test-method signature="ValidateFooterLinks()[pri:21, instance:smokeTest.ValidateSmokeTest@53fd0d10]" started-at="2018-05-03T07:59:56Z" name="ValidateFooterLinks" finished-at="2018-05-03T08:00:13Z" duration-ms="16885" status="PASS">
          <reporter-output>
          </reporter-output>
        </test-method> <!-- ValidateFooterLinks -->
        <test-method signature="ValidateTrackpage()[pri:22, instance:smokeTest.ValidateSmokeTest@53fd0d10]" started-at="2018-05-03T08:00:13Z" name="ValidateTrackpage" finished-at="2018-05-03T08:00:27Z" duration-ms="14206" status="PASS">
          <reporter-output>
          </reporter-output>
        </test-method> <!-- ValidateTrackpage -->
        <test-method signature="ValidateordersPage()[pri:23, instance:smokeTest.ValidateSmokeTest@53fd0d10]" started-at="2018-05-03T08:00:27Z" name="ValidateordersPage" finished-at="2018-05-03T08:00:38Z" duration-ms="10836" status="PASS">
          <reporter-output>
          </reporter-output>
        </test-method> <!-- ValidateordersPage -->
        <test-method signature="ValidatePurchaseAnalysisPage()[pri:24, instance:smokeTest.ValidateSmokeTest@53fd0d10]" started-at="2018-05-03T08:00:38Z" name="ValidatePurchaseAnalysisPage" finished-at="2018-05-03T08:00:55Z" duration-ms="17492" status="PASS">
          <reporter-output>
          </reporter-output>
        </test-method> <!-- ValidatePurchaseAnalysisPage -->
        <test-method signature="ValidatePAEmail()[pri:25, instance:smokeTest.ValidateSmokeTest@53fd0d10]" started-at="2018-05-03T08:00:55Z" name="ValidatePAEmail" finished-at="2018-05-03T08:00:56Z" duration-ms="970" status="PASS">
          <reporter-output>
          </reporter-output>
        </test-method> <!-- ValidatePAEmail -->
        <test-method signature="ValidateCalendarPage()[pri:26, instance:smokeTest.ValidateSmokeTest@53fd0d10]" started-at="2018-05-03T08:00:56Z" name="ValidateCalendarPage" finished-at="2018-05-03T08:01:01Z" duration-ms="5062" status="PASS">
          <reporter-output>
          </reporter-output>
        </test-method> <!-- ValidateCalendarPage -->
        <test-method signature="ValidateCalendarLinks()[pri:27, instance:smokeTest.ValidateSmokeTest@53fd0d10]" started-at="2018-05-03T08:01:01Z" name="ValidateCalendarLinks" finished-at="2018-05-03T08:01:22Z" duration-ms="20197" status="PASS">
          <reporter-output>
          </reporter-output>
        </test-method> <!-- ValidateCalendarLinks -->
        <test-method signature="ValidateAllReportsLinks()[pri:28, instance:smokeTest.ValidateSmokeTest@53fd0d10]" started-at="2018-05-03T08:01:22Z" name="ValidateAllReportsLinks" finished-at="2018-05-03T08:04:57Z" duration-ms="215548" status="PASS">
          <reporter-output>
          </reporter-output>
        </test-method> <!-- ValidateAllReportsLinks -->
        <test-method signature="ValidateSavedReports()[pri:29, instance:smokeTest.ValidateSmokeTest@53fd0d10]" started-at="2018-05-03T08:04:57Z" name="ValidateSavedReports" finished-at="2018-05-03T08:05:03Z" duration-ms="5475" status="PASS">
          <reporter-output>
          </reporter-output>
        </test-method> <!-- ValidateSavedReports -->
        <test-method signature="ValidateCompaePage()[pri:30, instance:smokeTest.ValidateSmokeTest@53fd0d10]" started-at="2018-05-03T08:05:03Z" name="ValidateCompaePage" finished-at="2018-05-03T08:05:36Z" duration-ms="33085" status="PASS">
          <reporter-output>
          </reporter-output>
        </test-method> <!-- ValidateCompaePage -->
        <test-method is-config="true" signature="closebrowser()[pri:0, instance:smokeTest.ValidateSmokeTest@53fd0d10]" started-at="2018-05-03T08:05:36Z" name="closebrowser" finished-at="2018-05-03T08:05:36Z" duration-ms="504" status="PASS">
          <reporter-output>
          </reporter-output>
        </test-method> <!-- closebrowser -->
      </class> <!-- smokeTest.ValidateSmokeTest -->
    </test> <!-- ValidateSmokeTests -->
  </suite> <!-- SmokeTestSuite -->
</testng-results>
